NodeUI collaboration server started on port 8080
New client connected
Created new session: OCVW8L1BT
User user_1756274617162_tbnl13oor joined session OCVW8L1BT. Total users: 1
New client connected
User user_1756274618983_u03cj2dsm joined session OCVW8L1BT. Total users: 2
Client disconnected
User user_1756274618983_u03cj2dsm left session OCVW8L1BT. Remaining users: 1
Client disconnected
User user_1756274617162_tbnl13oor left session OCVW8L1BT. Remaining users: 0
Deleted empty session: OCVW8L1BT
New client connected
Created new session: 3QB3ZEZRJ
User user_1756274618983_u03cj2dsm joined session 3QB3ZEZRJ. Total users: 1
New client connected
User user_1756274617162_tbnl13oor joined session 3QB3ZEZRJ. Total users: 2
Client disconnected
User user_1756274617162_tbnl13oor left session 3QB3ZEZRJ. Remaining users: 1
Client disconnected
User user_1756274618983_u03cj2dsm left session 3QB3ZEZRJ. Remaining users: 0
Deleted empty session: 3QB3ZEZRJ
New client connected
Created new session: HA532U3AB
User user_1756275330064_ibh6i1uzc joined session HA532U3AB. Total users: 1
New client connected
User user_1756275327182_5hwq1401d joined session HA532U3AB. Total users: 2
Client disconnected
User user_1756275330064_ibh6i1uzc left session HA532U3AB. Remaining users: 1
Client disconnected
User user_1756275327182_5hwq1401d left session HA532U3AB. Remaining users: 0
Deleted empty session: HA532U3AB
New client connected
Created new session: 1PSW4Q9RY
User user_1756276517488_mwl1bo20e joined session 1PSW4Q9RY. Total users: 1
Client disconnected
User user_1756276517488_mwl1bo20e left session 1PSW4Q9RY. Remaining users: 0
Deleted empty session: 1PSW4Q9RY
New client connected
Created new session: BDPYK2S9Q
User user_1756276537852_abyb8ol8r joined session BDPYK2S9Q. Total users: 1
New client connected
User user_1756276534620_fi9kxjlq9 joined session BDPYK2S9Q. Total users: 2
Client disconnected
User user_1756276534620_fi9kxjlq9 left session BDPYK2S9Q. Remaining users: 1
Client disconnected
User user_1756276537852_abyb8ol8r left session BDPYK2S9Q. Remaining users: 0
Deleted empty session: BDPYK2S9Q
New client connected
Created new session: B564ZU50P
User user_1756276615952_9ke16e4pd joined session B564ZU50P. Total users: 1
Client disconnected
User user_1756276615952_9ke16e4pd left session B564ZU50P. Remaining users: 0
Deleted empty session: B564ZU50P
New client connected
Created new session: 4K9GUJL9I
User user_1756276694716_a0oic9o5g joined session 4K9GUJL9I. Total users: 1
New client connected
User user_1756276698229_wpbvfokct joined session 4K9GUJL9I. Total users: 2
Client disconnected
User user_1756276698229_wpbvfokct left session 4K9GUJL9I. Remaining users: 1
Client disconnected
User user_1756276694716_a0oic9o5g left session 4K9GUJL9I. Remaining users: 0
Deleted empty session: 4K9GUJL9I
New client connected
Created new session: SBPGMVB7U
User user_1756276844232_1sybjxcld joined session SBPGMVB7U. Total users: 1
New client connected
User user_1756276842488_2hox50d1p joined session SBPGMVB7U. Total users: 2
Client disconnected
User user_1756276842488_2hox50d1p left session SBPGMVB7U. Remaining users: 1
New client connected
User user_1756276842488_2hox50d1p joined session SBPGMVB7U. Total users: 2
Client disconnected
User user_1756276842488_2hox50d1p left session SBPGMVB7U. Remaining users: 1
Client disconnected
User user_1756276844232_1sybjxcld left session SBPGMVB7U. Remaining users: 0
Deleted empty session: SBPGMVB7U
New client connected
Created new session: 7QPYMQFD2
User user_1756276971349_rt15t7zmn joined session 7QPYMQFD2. Total users: 1
New client connected
User user_1756276969756_ypke9dptf joined session 7QPYMQFD2. Total users: 2
Client disconnected
User user_1756276969756_ypke9dptf left session 7QPYMQFD2. Remaining users: 1
Client disconnected
User user_1756276971349_rt15t7zmn left session 7QPYMQFD2. Remaining users: 0
Deleted empty session: 7QPYMQFD2
New client connected
Created new session: A1QZZBPIQ
User user_1756277062637_8xrj7hdds joined session A1QZZBPIQ. Total users: 1
New client connected
User user_1756277060532_6udr7lgii joined session A1QZZBPIQ. Total users: 2
Client disconnected
User user_1756277060532_6udr7lgii left session A1QZZBPIQ. Remaining users: 1
Client disconnected
User user_1756277062637_8xrj7hdds left session A1QZZBPIQ. Remaining users: 0
Deleted empty session: A1QZZBPIQ
New client connected
Created new session: ZN6ULECIN
User user_1756277149082_0fljl5tgb joined session ZN6ULECIN. Total users: 1
New client connected
User user_1756277147407_1xe2qt5xf joined session ZN6ULECIN. Total users: 2
Client disconnected
User user_1756277147407_1xe2qt5xf left session ZN6ULECIN. Remaining users: 1
Client disconnected
User user_1756277149082_0fljl5tgb left session ZN6ULECIN. Remaining users: 0
Deleted empty session: ZN6ULECIN
New client connected
Created new session: A8ZHZ3SLP
User user_1756277222978_inccqhv0a joined session A8ZHZ3SLP. Total users: 1
New client connected
Created new session: MM8X5G5DT
User user_1756277220733_e6wd3d84e joined session MM8X5G5DT. Total users: 1
Client disconnected
User user_1756277222978_inccqhv0a left session A8ZHZ3SLP. Remaining users: 0
Deleted empty session: A8ZHZ3SLP
New client connected
User user_1756277222978_inccqhv0a joined session MM8X5G5DT. Total users: 2
Client disconnected
User user_1756277220733_e6wd3d84e left session MM8X5G5DT. Remaining users: 1
Client disconnected
User user_1756277222978_inccqhv0a left session MM8X5G5DT. Remaining users: 0
Deleted empty session: MM8X5G5DT
New client connected
Created new session: W6UWXBPQN
User user_1756277418945_xhxdy1wz4 joined session W6UWXBPQN. Total users: 1
New client connected
User user_1756277411855_dbsqzlmwq joined session W6UWXBPQN. Total users: 2
Client disconnected
User user_1756277411855_dbsqzlmwq left session W6UWXBPQN. Remaining users: 1
Client disconnected
User user_1756277418945_xhxdy1wz4 left session W6UWXBPQN. Remaining users: 0
Deleted empty session: W6UWXBPQN
New client connected
Created new session: D3AM7Y7ZW
User user_1756277523246_ht4oy4053 joined session D3AM7Y7ZW. Total users: 1
New client connected
User user_1756277521965_mb4p3m229 joined session D3AM7Y7ZW. Total users: 2
Client disconnected
User user_1756277521965_mb4p3m229 left session D3AM7Y7ZW. Remaining users: 1
Client disconnected
User user_1756277523246_ht4oy4053 left session D3AM7Y7ZW. Remaining users: 0
Deleted empty session: D3AM7Y7ZW
New client connected
Created new session: NC6H22QQN
User user_1756277624784_a2vcg0iqz joined session NC6H22QQN. Total users: 1
New client connected
User user_1756277621701_70vtvwhf6 joined session NC6H22QQN. Total users: 2
Client disconnected
User user_1756277621701_70vtvwhf6 left session NC6H22QQN. Remaining users: 1
Client disconnected
User user_1756277624784_a2vcg0iqz left session NC6H22QQN. Remaining users: 0
Deleted empty session: NC6H22QQN
New client connected
Created new session: QRNIALS7R
User user_1756277824892_4t9cn91g7 joined session QRNIALS7R. Total users: 1
New client connected
User user_1756277823096_86w06btcp joined session QRNIALS7R. Total users: 2
Client disconnected
User user_1756277823096_86w06btcp left session QRNIALS7R. Remaining users: 1
Client disconnected
User user_1756277824892_4t9cn91g7 left session QRNIALS7R. Remaining users: 0
Deleted empty session: QRNIALS7R
New client connected
Created new session: OGCQYMN2R
User user_1756277909504_m3oymfy3e joined session OGCQYMN2R. Total users: 1
New client connected
User user_1756277906680_c17uqf3rd joined session OGCQYMN2R. Total users: 2
Client disconnected
User user_1756277906680_c17uqf3rd left session OGCQYMN2R. Remaining users: 1
Client disconnected
User user_1756277909504_m3oymfy3e left session OGCQYMN2R. Remaining users: 0
Deleted empty session: OGCQYMN2R
New client connected
Created new session: UZPDQN7Z2
User user_1756278055930_3jcx7weiz joined session UZPDQN7Z2. Total users: 1
New client connected
User user_1756278053998_p6m9mqfcs joined session UZPDQN7Z2. Total users: 2
Client disconnected
User user_1756278053998_p6m9mqfcs left session UZPDQN7Z2. Remaining users: 1
Client disconnected
User user_1756278055930_3jcx7weiz left session UZPDQN7Z2. Remaining users: 0
Deleted empty session: UZPDQN7Z2
New client connected
Created new session: I1J3P1T55
User user_1756278153018_j3js6ui16 joined session I1J3P1T55. Total users: 1
New client connected
User user_1756278155154_rc0x52mkb joined session I1J3P1T55. Total users: 2
Client disconnected
User user_1756278153018_j3js6ui16 left session I1J3P1T55. Remaining users: 1
Client disconnected
User user_1756278155154_rc0x52mkb left session I1J3P1T55. Remaining users: 0
Deleted empty session: I1J3P1T55
New client connected
Created new session: MCH286AM9
User user_1756278250190_0xznvbao2 joined session MCH286AM9. Total users: 1
New client connected
User user_1756278248719_327lsgrvv joined session MCH286AM9. Total users: 2
Client disconnected
User user_1756278248719_327lsgrvv left session MCH286AM9. Remaining users: 1
Client disconnected
User user_1756278250190_0xznvbao2 left session MCH286AM9. Remaining users: 0
Deleted empty session: MCH286AM9
New client connected
Created new session: Z74T08ZR1
User user_1756278364198_fd8qtftq2 joined session Z74T08ZR1. Total users: 1
New client connected
User user_1756278362684_s9ba4wn6r joined session Z74T08ZR1. Total users: 2
Client disconnected
User user_1756278362684_s9ba4wn6r left session Z74T08ZR1. Remaining users: 1
Client disconnected
User user_1756278364198_fd8qtftq2 left session Z74T08ZR1. Remaining users: 0
Deleted empty session: Z74T08ZR1
New client connected
Created new session: C0T24SJE5
User user_1756278542219_mdpuomv7e joined session C0T24SJE5. Total users: 1
New client connected
User user_1756278544218_mt8p27qpz joined session C0T24SJE5. Total users: 2
Client disconnected
User user_1756278542219_mdpuomv7e left session C0T24SJE5. Remaining users: 1
Client disconnected
User user_1756278544218_mt8p27qpz left session C0T24SJE5. Remaining users: 0
Deleted empty session: C0T24SJE5
New client connected
Created new session: STVY8IIFW
User user_1756279062777_ktrdre9fs joined session STVY8IIFW. Total users: 1
New client connected
User user_1756279060703_wrfc99n6n joined session STVY8IIFW. Total users: 2
New client connected
User user_1756279159752_1fwz9tvhz joined session STVY8IIFW. Total users: 3
Client disconnected
User user_1756279060703_wrfc99n6n left session STVY8IIFW. Remaining users: 2
Client disconnected
User user_1756279062777_ktrdre9fs left session STVY8IIFW. Remaining users: 1
New client connected
Created new session: CWP7MDNCS
User user_1756279237898_lfp57txns joined session CWP7MDNCS. Total users: 1
New client connected
User user_1756279236040_n8rrnbclb joined session CWP7MDNCS. Total users: 2
Client disconnected
User user_1756279159752_1fwz9tvhz left session STVY8IIFW. Remaining users: 0
Deleted empty session: STVY8IIFW
New client connected
Created new session: O6ZEG5GNC
User user_1756279273708_1fd0aiapd joined session O6ZEG5GNC. Total users: 1
Client disconnected
User user_1756279273708_1fd0aiapd left session O6ZEG5GNC. Remaining users: 0
Deleted empty session: O6ZEG5GNC
New client connected
User user_1756279273708_1fd0aiapd joined session CWP7MDNCS. Total users: 3
Client disconnected
User user_1756279236040_n8rrnbclb left session CWP7MDNCS. Remaining users: 2
Client disconnected
User user_1756279237898_lfp57txns left session CWP7MDNCS. Remaining users: 1
New client connected
Created new session: WCDPKKJLV
User user_1756279521110_0jkdnsu6g joined session WCDPKKJLV. Total users: 1
New client connected
User user_1756279518397_tm8atvuqr joined session WCDPKKJLV. Total users: 2
Client disconnected
User user_1756279273708_1fd0aiapd left session CWP7MDNCS. Remaining users: 0
Deleted empty session: CWP7MDNCS
New client connected
User user_1756279543024_xuu27zvuy joined session WCDPKKJLV. Total users: 3
Client disconnected
User user_1756279543024_xuu27zvuy left session WCDPKKJLV. Remaining users: 2
New client connected
Created new session: QO1001TDK
User user_1756279640283_a4gtfydtw joined session QO1001TDK. Total users: 1
Client disconnected
User user_1756279518397_tm8atvuqr left session WCDPKKJLV. Remaining users: 1
New client connected
User user_1756279653473_f23kjdquy joined session QO1001TDK. Total users: 2
Client disconnected
User user_1756279521110_0jkdnsu6g left session WCDPKKJLV. Remaining users: 0
Deleted empty session: WCDPKKJLV
New client connected
User user_1756279661342_1e2g182ns joined session QO1001TDK. Total users: 3
Client disconnected
User user_1756279653473_f23kjdquy left session QO1001TDK. Remaining users: 2
Client disconnected
User user_1756279661342_1e2g182ns left session QO1001TDK. Remaining users: 1
Client disconnected
User user_1756279640283_a4gtfydtw left session QO1001TDK. Remaining users: 0
Deleted empty session: QO1001TDK
New client connected
Created new session: 6R77BU9BG
User user_1756279774700_v27hjgg9h joined session 6R77BU9BG. Total users: 1
New client connected
User user_1756279768579_xkb1wna7u joined session 6R77BU9BG. Total users: 2
New client connected
User user_1756279770322_pgirvefrb joined session 6R77BU9BG. Total users: 3
Client disconnected
User user_1756279768579_xkb1wna7u left session 6R77BU9BG. Remaining users: 2
Client disconnected
User user_1756279770322_pgirvefrb left session 6R77BU9BG. Remaining users: 1
Client disconnected
User user_1756279774700_v27hjgg9h left session 6R77BU9BG. Remaining users: 0
Deleted empty session: 6R77BU9BG
New client connected
Created new session: 3XNRT1L75
User user_1756280202870_ea2yz65zi joined session 3XNRT1L75. Total users: 1
New client connected
User user_1756280197889_2r2cxrai0 joined session 3XNRT1L75. Total users: 2
New client connected
User user_1756280199887_6mz2smtwh joined session 3XNRT1L75. Total users: 3
Client disconnected
User user_1756280197889_2r2cxrai0 left session 3XNRT1L75. Remaining users: 2
Client disconnected
User user_1756280199887_6mz2smtwh left session 3XNRT1L75. Remaining users: 1
New client connected
Created new session: HSL1JVXJT
User user_1756280371780_hzxeahu47 joined session HSL1JVXJT. Total users: 1
New client connected
User user_1756280369555_y04pk4a5f joined session HSL1JVXJT. Total users: 2
Client disconnected
User user_1756280202870_ea2yz65zi left session 3XNRT1L75. Remaining users: 0
Deleted empty session: 3XNRT1L75
New client connected
User user_1756280398121_4ldfcd1jw joined session HSL1JVXJT. Total users: 3
Client disconnected
User user_1756280369555_y04pk4a5f left session HSL1JVXJT. Remaining users: 2
Client disconnected
User user_1756280371780_hzxeahu47 left session HSL1JVXJT. Remaining users: 1
Client disconnected
User user_1756280398121_4ldfcd1jw left session HSL1JVXJT. Remaining users: 0
Deleted empty session: HSL1JVXJT
New client connected
Created new session: 72ONBJBBU
User user_1756280694710_v9ftc14pm joined session 72ONBJBBU. Total users: 1
New client connected
User user_1756280686055_s7bqqdfln joined session 72ONBJBBU. Total users: 2
New client connected
User user_1756280688567_tpunu2yne joined session 72ONBJBBU. Total users: 3
Client disconnected
User user_1756280686055_s7bqqdfln left session 72ONBJBBU. Remaining users: 2
New client connected
User user_1756280928476_48cxtka00 joined session 72ONBJBBU. Total users: 3
Client disconnected
User user_1756280928476_48cxtka00 left session 72ONBJBBU. Remaining users: 2
Client disconnected
User user_1756280688567_tpunu2yne left session 72ONBJBBU. Remaining users: 1
Client disconnected
User user_1756280694710_v9ftc14pm left session 72ONBJBBU. Remaining users: 0
Deleted empty session: 72ONBJBBU
New client connected
Created new session: 54IRBESD3
User user_1756281028886_vpflzuu7b joined session 54IRBESD3. Total users: 1
New client connected
User user_1756281022044_2lah4n1zc joined session 54IRBESD3. Total users: 2
New client connected
User user_1756281023971_htbx1w3np joined session 54IRBESD3. Total users: 3
Client disconnected
User user_1756281022044_2lah4n1zc left session 54IRBESD3. Remaining users: 2
Client disconnected
User user_1756281023971_htbx1w3np left session 54IRBESD3. Remaining users: 1
New client connected
Created new session: YYFYIW3R7
User user_1756281381432_tv8pir9it joined session YYFYIW3R7. Total users: 1
New client connected
User user_1756281380026_uz8r0o8ne joined session YYFYIW3R7. Total users: 2
Client disconnected
User user_1756281028886_vpflzuu7b left session 54IRBESD3. Remaining users: 0
Deleted empty session: 54IRBESD3
New client connected
User user_1756281433867_zzmgepd2b joined session YYFYIW3R7. Total users: 3
Client disconnected
User user_1756281433867_zzmgepd2b left session YYFYIW3R7. Remaining users: 2
Client disconnected
User user_1756281380026_uz8r0o8ne left session YYFYIW3R7. Remaining users: 1
Client disconnected
User user_1756281381432_tv8pir9it left session YYFYIW3R7. Remaining users: 0
Deleted empty session: YYFYIW3R7
New client connected
Created new session: JLK68KQ7N
User user_1756281647848_ohx5kemly joined session JLK68KQ7N. Total users: 1
New client connected
User user_1756281645719_4aizjwm5z joined session JLK68KQ7N. Total users: 2
New client connected
User user_1756281643881_k8av5butd joined session JLK68KQ7N. Total users: 3
Client disconnected
User user_1756281647848_ohx5kemly left session JLK68KQ7N. Remaining users: 2
New client connected
User user_1756281647848_ohx5kemly joined session JLK68KQ7N. Total users: 3
Client disconnected
User user_1756281647848_ohx5kemly left session JLK68KQ7N. Remaining users: 2
Client disconnected
User user_1756281645719_4aizjwm5z left session JLK68KQ7N. Remaining users: 1
New client connected
Created new session: UREEMWKG7
User user_1756282092276_56xg8fqah joined session UREEMWKG7. Total users: 1
New client connected
User user_1756282090366_lg7fny16h joined session UREEMWKG7. Total users: 2
Client disconnected
User user_1756282090366_lg7fny16h left session UREEMWKG7. Remaining users: 1
Client disconnected
User user_1756282092276_56xg8fqah left session UREEMWKG7. Remaining users: 0
Deleted empty session: UREEMWKG7
New client connected
Created new session: VM9BMHHSK
User user_1756282503646_87ddzgqg1 joined session VM9BMHHSK. Total users: 1
New client connected
User user_1756282501908_xsgupnwhy joined session VM9BMHHSK. Total users: 2
Client disconnected
User user_1756282501908_xsgupnwhy left session VM9BMHHSK. Remaining users: 1
Client disconnected
User user_1756282503646_87ddzgqg1 left session VM9BMHHSK. Remaining users: 0
Deleted empty session: VM9BMHHSK
New client connected
Created new session: 5F5EA4QHA
User user_1756283153785_mlks7obpm joined session 5F5EA4QHA. Total users: 1
New client connected
User user_1756283151792_5m5isahf2 joined session 5F5EA4QHA. Total users: 2
Client disconnected
User user_1756283151792_5m5isahf2 left session 5F5EA4QHA. Remaining users: 1
Client disconnected
User user_1756283153785_mlks7obpm left session 5F5EA4QHA. Remaining users: 0
Deleted empty session: 5F5EA4QHA
New client connected
Created new session: 4GS96FYGC
User user_1756283411407_556zbmu5r joined session 4GS96FYGC. Total users: 1
New client connected
User user_1756283409569_pvyi5q2bn joined session 4GS96FYGC. Total users: 2
Client disconnected
User user_1756283409569_pvyi5q2bn left session 4GS96FYGC. Remaining users: 1
Client disconnected
User user_1756283411407_556zbmu5r left session 4GS96FYGC. Remaining users: 0
Deleted empty session: 4GS96FYGC
New client connected
Created new session: D7Z8CIG0C
User user_1756283535053_mtds0xedd joined session D7Z8CIG0C. Total users: 1
New client connected
User user_1756283533147_qy5fjrgvv joined session D7Z8CIG0C. Total users: 2
Client disconnected
User user_1756283533147_qy5fjrgvv left session D7Z8CIG0C. Remaining users: 1
Client disconnected
User user_1756283535053_mtds0xedd left session D7Z8CIG0C. Remaining users: 0
Deleted empty session: D7Z8CIG0C
New client connected
Created new session: 4BLYO7L3A
User user_1756283717239_20lcmi8h4 joined session 4BLYO7L3A. Total users: 1
New client connected
User user_1756283719755_g2qncwgfr joined session 4BLYO7L3A. Total users: 2
Client disconnected
User user_1756283719755_g2qncwgfr left session 4BLYO7L3A. Remaining users: 1
Client disconnected
User user_1756283717239_20lcmi8h4 left session 4BLYO7L3A. Remaining users: 0
Deleted empty session: 4BLYO7L3A
New client connected
Created new session: AUBQBOS49
User user_1756283910998_bqxo7qpvj joined session AUBQBOS49. Total users: 1
New client connected
User user_1756283908762_2ggcraphf joined session AUBQBOS49. Total users: 2
Client disconnected
User user_1756283910998_bqxo7qpvj left session AUBQBOS49. Remaining users: 1
Client disconnected
User user_1756283908762_2ggcraphf left session AUBQBOS49. Remaining users: 0
Deleted empty session: AUBQBOS49
New client connected
Created new session: UEITE66Y2
User user_1756284117021_66bku8iyu joined session UEITE66Y2. Total users: 1
New client connected
User user_1756284114910_a6ud9zopr joined session UEITE66Y2. Total users: 2
Client disconnected
User user_1756284114910_a6ud9zopr left session UEITE66Y2. Remaining users: 1
Client disconnected
User user_1756284117021_66bku8iyu left session UEITE66Y2. Remaining users: 0
Deleted empty session: UEITE66Y2
New client connected
Created new session: C3H1C5MYZ
User user_1756284240155_6gh399b24 joined session C3H1C5MYZ. Total users: 1
New client connected
User user_1756284242621_v72f3k942 joined session C3H1C5MYZ. Total users: 2
Client disconnected
User user_1756281643881_k8av5butd left session JLK68KQ7N. Remaining users: 0
Deleted empty session: JLK68KQ7N
New client connected
User user_1756284372607_4l7fd4sn6 joined session C3H1C5MYZ. Total users: 3
Client disconnected
User user_1756284240155_6gh399b24 left session C3H1C5MYZ. Remaining users: 2
Client disconnected
User user_1756284242621_v72f3k942 left session C3H1C5MYZ. Remaining users: 1
New client connected
Created new session: MM5EARJHM
User user_1756284711442_lvnogg840 joined session MM5EARJHM. Total users: 1
New client connected
User user_1756284709537_0m0hc66ml joined session MM5EARJHM. Total users: 2
Client disconnected
User user_1756284709537_0m0hc66ml left session MM5EARJHM. Remaining users: 1
Client disconnected
User user_1756284711442_lvnogg840 left session MM5EARJHM. Remaining users: 0
Deleted empty session: MM5EARJHM
New client connected
Created new session: D1GHAAQHZ
User user_1756285238010_ypyu75chp joined session D1GHAAQHZ. Total users: 1
New client connected
User user_1756285236154_3wuk9v9te joined session D1GHAAQHZ. Total users: 2
Client disconnected
User user_1756285236154_3wuk9v9te left session D1GHAAQHZ. Remaining users: 1
Client disconnected
User user_1756285238010_ypyu75chp left session D1GHAAQHZ. Remaining users: 0
Deleted empty session: D1GHAAQHZ
New client connected
Created new session: XKDKBBYZN
User user_1756285613719_p4bjdh8fp joined session XKDKBBYZN. Total users: 1
New client connected
User user_1756285615972_d96xxn7i4 joined session XKDKBBYZN. Total users: 2
